[debug] [2024-08-28T07:56:10.341Z] ----------------------------------------------------------------------
[debug] [2024-08-28T07:56:10.351Z] Command:       /nix/store/aspnwxp3q1wvg8jd1zg0295zmhr3lkb3-nodejs-18.19.1/bin/node /nix/store/pf4ama10fsjb161xrxgsyqi21qm10wc6-firebase-tools-13.13.1/lib/node_modules/firebase-tools/lib/bin/firebase.js init hosting
[debug] [2024-08-28T07:56:10.352Z] CLI Version:   13.13.1
[debug] [2024-08-28T07:56:10.353Z] Platform:      linux
[debug] [2024-08-28T07:56:10.353Z] Node Version:  v18.19.1
[debug] [2024-08-28T07:56:10.354Z] Time:          Wed Aug 28 2024 07:56:10 GMT+0000 (Coordinated Universal Time)
[debug] [2024-08-28T07:56:10.354Z] ----------------------------------------------------------------------
[debug] 
[debug] [2024-08-28T07:56:10.366Z] > command requires scopes: ["email","openid","https://www.googleapis.com/auth/cloudplatformprojects.readonly","https://www.googleapis.com/auth/firebase","https://www.googleapis.com/auth/cloud-platform"]
[info] 
     ######## #### ########  ######## ########     ###     ######  ########
     ##        ##  ##     ## ##       ##     ##  ##   ##  ##       ##
     ######    ##  ########  ######   ########  #########  ######  ######
     ##        ##  ##    ##  ##       ##     ## ##     ##       ## ##
     ##       #### ##     ## ######## ########  ##     ##  ######  ########

You're about to initialize a Firebase project in this directory:

  /home/user/testing-ojt

[info] 
=== Project Setup
[info] 
[info] First, let's associate this project directory with a Firebase project.
[info] You can create multiple project aliases by running firebase use --add, 
[info] but for now we'll just set up a default project.
[info] 
